[08-Sep-2017 19:18:31 UTC] PHP Parse error:  syntax error, unexpected ':', expecting ',' or ';' in /home/ubuntu/workspace/cst336/practice/RandomColor.php on line 17
[08-Sep-2017 19:31:05 UTC] PHP Parse error:  syntax error, unexpected '", "' (T_CONSTANT_ENCAPSED_STRING), expecting ',' or ';' in /home/ubuntu/workspace/cst336/practice/RandomColor.php on line 18
[08-Sep-2017 19:34:06 UTC] PHP Parse error:  syntax error, unexpected 'echo' (T_ECHO), expecting ',' or ';' in /home/ubuntu/workspace/cst336/practice/RandomColor.php on line 22
[08-Sep-2017 19:37:14 UTC] PHP Parse error:  syntax error, unexpected 'echo' (T_ECHO) in /home/ubuntu/workspace/cst336/practice/RandomColor.php on line 3
[08-Sep-2017 19:37:22 UTC] PHP Fatal error:  Call to undefined function rgba() in /home/ubuntu/workspace/cst336/practice/RandomColor.php on line 3
[08-Sep-2017 19:37:22 UTC] PHP Stack trace:
[08-Sep-2017 19:37:22 UTC] PHP   1. {main}() /home/ubuntu/workspace/cst336/practice/RandomColor.php:0
[08-Sep-2017 19:37:22 UTC] PHP   2. getRandomColor() /home/ubuntu/workspace/cst336/practice/RandomColor.php:28
[08-Sep-2017 19:37:23 UTC] PHP Fatal error:  Call to undefined function rgba() in /home/ubuntu/workspace/cst336/practice/RandomColor.php on line 3
[08-Sep-2017 19:37:23 UTC] PHP Stack trace:
[08-Sep-2017 19:37:23 UTC] PHP   1. {main}() /home/ubuntu/workspace/cst336/practice/RandomColor.php:0
[08-Sep-2017 19:37:23 UTC] PHP   2. getRandomColor() /home/ubuntu/workspace/cst336/practice/RandomColor.php:28
[08-Sep-2017 19:37:24 UTC] PHP Fatal error:  Call to undefined function rgba() in /home/ubuntu/workspace/cst336/practice/RandomColor.php on line 3
[08-Sep-2017 19:37:24 UTC] PHP Stack trace:
[08-Sep-2017 19:37:24 UTC] PHP   1. {main}() /home/ubuntu/workspace/cst336/practice/RandomColor.php:0
[08-Sep-2017 19:37:24 UTC] PHP   2. getRandomColor() /home/ubuntu/workspace/cst336/practice/RandomColor.php:28
[08-Sep-2017 19:37:25 UTC] PHP Fatal error:  Call to undefined function rgba() in /home/ubuntu/workspace/cst336/practice/RandomColor.php on line 3
[08-Sep-2017 19:37:25 UTC] PHP Stack trace:
[08-Sep-2017 19:37:25 UTC] PHP   1. {main}() /home/ubuntu/workspace/cst336/practice/RandomColor.php:0
[08-Sep-2017 19:37:25 UTC] PHP   2. getRandomColor() /home/ubuntu/workspace/cst336/practice/RandomColor.php:28
[08-Sep-2017 19:37:26 UTC] PHP Fatal error:  Call to undefined function rgba() in /home/ubuntu/workspace/cst336/practice/RandomColor.php on line 3
[08-Sep-2017 19:37:26 UTC] PHP Stack trace:
[08-Sep-2017 19:37:26 UTC] PHP   1. {main}() /home/ubuntu/workspace/cst336/practice/RandomColor.php:0
[08-Sep-2017 19:37:26 UTC] PHP   2. getRandomColor() /home/ubuntu/workspace/cst336/practice/RandomColor.php:28
[08-Sep-2017 19:37:40 UTC] PHP Parse error:  syntax error, unexpected 'echo' (T_ECHO), expecting ',' or ';' in /home/ubuntu/workspace/cst336/practice/RandomColor.php on line 29
[08-Sep-2017 19:38:49 UTC] PHP Fatal error:  Call to undefined function rgba() in /home/ubuntu/workspace/cst336/practice/RandomColor.php on line 3
[08-Sep-2017 19:38:49 UTC] PHP Stack trace:
[08-Sep-2017 19:38:49 UTC] PHP   1. {main}() /home/ubuntu/workspace/cst336/practice/RandomColor.php:0
[08-Sep-2017 19:38:49 UTC] PHP   2. getRandomColor() /home/ubuntu/workspace/cst336/practice/RandomColor.php:29
[08-Sep-2017 19:38:50 UTC] PHP Fatal error:  Call to undefined function rgba() in /home/ubuntu/workspace/cst336/practice/RandomColor.php on line 3
[08-Sep-2017 19:38:50 UTC] PHP Stack trace:
[08-Sep-2017 19:38:50 UTC] PHP   1. {main}() /home/ubuntu/workspace/cst336/practice/RandomColor.php:0
[08-Sep-2017 19:38:50 UTC] PHP   2. getRandomColor() /home/ubuntu/workspace/cst336/practice/RandomColor.php:29
[08-Sep-2017 19:38:51 UTC] PHP Fatal error:  Call to undefined function rgba() in /home/ubuntu/workspace/cst336/practice/RandomColor.php on line 3
[08-Sep-2017 19:38:51 UTC] PHP Stack trace:
[08-Sep-2017 19:38:51 UTC] PHP   1. {main}() /home/ubuntu/workspace/cst336/practice/RandomColor.php:0
[08-Sep-2017 19:38:51 UTC] PHP   2. getRandomColor() /home/ubuntu/workspace/cst336/practice/RandomColor.php:29
[08-Sep-2017 19:38:52 UTC] PHP Fatal error:  Call to undefined function rgba() in /home/ubuntu/workspace/cst336/practice/RandomColor.php on line 3
[08-Sep-2017 19:38:52 UTC] PHP Stack trace:
[08-Sep-2017 19:38:52 UTC] PHP   1. {main}() /home/ubuntu/workspace/cst336/practice/RandomColor.php:0
[08-Sep-2017 19:38:52 UTC] PHP   2. getRandomColor() /home/ubuntu/workspace/cst336/practice/RandomColor.php:29
[13-Sep-2017 19:35:49 UTC] PHP Parse error:  syntax error, unexpected '}' in /home/ubuntu/workspace/cst336/practice/php_arrays.php on line 48
