[20-Sep-2017 06:40:18 UTC] PHP Warning:  include(inc/functions.php): failed to open stream: No such file or directory in /home/ubuntu/workspace/cst336/homework/homework2/index.php on line 4
[20-Sep-2017 06:40:18 UTC] PHP Stack trace:
[20-Sep-2017 06:40:18 UTC] PHP   1. {main}() /home/ubuntu/workspace/cst336/homework/homework2/index.php:0
[20-Sep-2017 06:40:18 UTC] PHP Warning:  include(): Failed opening 'inc/functions.php' for inclusion (include_path='.:/usr/share/php:/usr/share/pear') in /home/ubuntu/workspace/cst336/homework/homework2/index.php on line 4
[20-Sep-2017 06:40:18 UTC] PHP Stack trace:
[20-Sep-2017 06:40:18 UTC] PHP   1. {main}() /home/ubuntu/workspace/cst336/homework/homework2/index.php:0
[20-Sep-2017 06:40:18 UTC] PHP Warning:  shuffle() expects parameter 1 to be array, null given in /home/ubuntu/workspace/cst336/homework/homework2/index.php on line 27
[20-Sep-2017 06:40:18 UTC] PHP Stack trace:
[20-Sep-2017 06:40:18 UTC] PHP   1. {main}() /home/ubuntu/workspace/cst336/homework/homework2/index.php:0
[20-Sep-2017 06:40:18 UTC] PHP   2. shuffle() /home/ubuntu/workspace/cst336/homework/homework2/index.php:27
[20-Sep-2017 06:40:18 UTC] PHP Warning:  Invalid argument supplied for foreach() in /home/ubuntu/workspace/cst336/homework/homework2/index.php on line 31
[20-Sep-2017 06:40:18 UTC] PHP Stack trace:
[20-Sep-2017 06:40:18 UTC] PHP   1. {main}() /home/ubuntu/workspace/cst336/homework/homework2/index.php:0
[20-Sep-2017 06:41:45 UTC] PHP Fatal error:  Call to undefined function displaySymbol() in /home/ubuntu/workspace/cst336/homework/homework2/index.php on line 27
[20-Sep-2017 06:41:45 UTC] PHP Stack trace:
[20-Sep-2017 06:41:45 UTC] PHP   1. {main}() /home/ubuntu/workspace/cst336/homework/homework2/index.php:0
[20-Sep-2017 07:02:47 UTC] PHP Fatal error:  Call to undefined function displayCard() in /home/ubuntu/workspace/cst336/homework/homework2/index.php on line 28
[20-Sep-2017 07:02:47 UTC] PHP Stack trace:
[20-Sep-2017 07:02:47 UTC] PHP   1. {main}() /home/ubuntu/workspace/cst336/homework/homework2/index.php:0
[11-Oct-2017 07:06:26 UTC] PHP Warning:  include(inc/functions.php): failed to open stream: No such file or directory in /home/ubuntu/workspace/cst336/homework/homework3/index.php on line 4
[11-Oct-2017 07:06:26 UTC] PHP Stack trace:
[11-Oct-2017 07:06:26 UTC] PHP   1. {main}() /home/ubuntu/workspace/cst336/homework/homework3/index.php:0
[11-Oct-2017 07:06:26 UTC] PHP Warning:  include(): Failed opening 'inc/functions.php' for inclusion (include_path='.:/usr/share/php:/usr/share/pear') in /home/ubuntu/workspace/cst336/homework/homework3/index.php on line 4
[11-Oct-2017 07:06:26 UTC] PHP Stack trace:
[11-Oct-2017 07:06:26 UTC] PHP   1. {main}() /home/ubuntu/workspace/cst336/homework/homework3/index.php:0
[11-Oct-2017 07:06:26 UTC] PHP Fatal error:  Call to undefined function displaySnack() in /home/ubuntu/workspace/cst336/homework/homework3/index.php on line 44
[11-Oct-2017 07:06:26 UTC] PHP Stack trace:
[11-Oct-2017 07:06:26 UTC] PHP   1. {main}() /home/ubuntu/workspace/cst336/homework/homework3/index.php:0
[11-Oct-2017 07:06:58 UTC] PHP Warning:  include(inc/functions.php): failed to open stream: No such file or directory in /home/ubuntu/workspace/cst336/homework/homework3/index.php on line 4
[11-Oct-2017 07:06:58 UTC] PHP Stack trace:
[11-Oct-2017 07:06:58 UTC] PHP   1. {main}() /home/ubuntu/workspace/cst336/homework/homework3/index.php:0
[11-Oct-2017 07:06:58 UTC] PHP Warning:  include(): Failed opening 'inc/functions.php' for inclusion (include_path='.:/usr/share/php:/usr/share/pear') in /home/ubuntu/workspace/cst336/homework/homework3/index.php on line 4
[11-Oct-2017 07:06:58 UTC] PHP Stack trace:
[11-Oct-2017 07:06:58 UTC] PHP   1. {main}() /home/ubuntu/workspace/cst336/homework/homework3/index.php:0
[11-Oct-2017 07:06:58 UTC] PHP Fatal error:  Call to undefined function displaySnack() in /home/ubuntu/workspace/cst336/homework/homework3/index.php on line 44
[11-Oct-2017 07:06:58 UTC] PHP Stack trace:
[11-Oct-2017 07:06:58 UTC] PHP   1. {main}() /home/ubuntu/workspace/cst336/homework/homework3/index.php:0
[11-Oct-2017 07:07:24 UTC] PHP Warning:  include(inc/functions.php): failed to open stream: No such file or directory in /home/ubuntu/workspace/cst336/homework/homework3/index.php on line 2
[11-Oct-2017 07:07:24 UTC] PHP Stack trace:
[11-Oct-2017 07:07:24 UTC] PHP   1. {main}() /home/ubuntu/workspace/cst336/homework/homework3/index.php:0
[11-Oct-2017 07:07:24 UTC] PHP Warning:  include(): Failed opening 'inc/functions.php' for inclusion (include_path='.:/usr/share/php:/usr/share/pear') in /home/ubuntu/workspace/cst336/homework/homework3/index.php on line 2
[11-Oct-2017 07:07:24 UTC] PHP Stack trace:
[11-Oct-2017 07:07:24 UTC] PHP   1. {main}() /home/ubuntu/workspace/cst336/homework/homework3/index.php:0
[11-Oct-2017 07:07:24 UTC] PHP Fatal error:  Call to undefined function displaySnack() in /home/ubuntu/workspace/cst336/homework/homework3/index.php on line 44
[11-Oct-2017 07:07:24 UTC] PHP Stack trace:
[11-Oct-2017 07:07:24 UTC] PHP   1. {main}() /home/ubuntu/workspace/cst336/homework/homework3/index.php:0
[11-Oct-2017 07:26:47 UTC] PHP Warning:  shuffle() expects parameter 1 to be array, null given in /home/ubuntu/workspace/cst336/homework/homework3/index.php on line 5
[11-Oct-2017 07:26:47 UTC] PHP Stack trace:
[11-Oct-2017 07:26:47 UTC] PHP   1. {main}() /home/ubuntu/workspace/cst336/homework/homework3/index.php:0
[11-Oct-2017 07:26:47 UTC] PHP   2. shuffle() /home/ubuntu/workspace/cst336/homework/homework3/index.php:5
[11-Oct-2017 07:26:51 UTC] PHP Warning:  shuffle() expects parameter 1 to be array, null given in /home/ubuntu/workspace/cst336/homework/homework3/index.php on line 5
[11-Oct-2017 07:26:51 UTC] PHP Stack trace:
[11-Oct-2017 07:26:51 UTC] PHP   1. {main}() /home/ubuntu/workspace/cst336/homework/homework3/index.php:0
[11-Oct-2017 07:26:51 UTC] PHP   2. shuffle() /home/ubuntu/workspace/cst336/homework/homework3/index.php:5
[11-Oct-2017 07:26:54 UTC] PHP Warning:  shuffle() expects parameter 1 to be array, null given in /home/ubuntu/workspace/cst336/homework/homework3/index.php on line 5
[11-Oct-2017 07:26:54 UTC] PHP Stack trace:
[11-Oct-2017 07:26:54 UTC] PHP   1. {main}() /home/ubuntu/workspace/cst336/homework/homework3/index.php:0
[11-Oct-2017 07:26:54 UTC] PHP   2. shuffle() /home/ubuntu/workspace/cst336/homework/homework3/index.php:5
[11-Oct-2017 07:26:55 UTC] PHP Warning:  shuffle() expects parameter 1 to be array, null given in /home/ubuntu/workspace/cst336/homework/homework3/index.php on line 5
[11-Oct-2017 07:26:55 UTC] PHP Stack trace:
[11-Oct-2017 07:26:55 UTC] PHP   1. {main}() /home/ubuntu/workspace/cst336/homework/homework3/index.php:0
[11-Oct-2017 07:26:55 UTC] PHP   2. shuffle() /home/ubuntu/workspace/cst336/homework/homework3/index.php:5
[11-Oct-2017 07:27:15 UTC] PHP Warning:  shuffle() expects parameter 1 to be array, null given in /home/ubuntu/workspace/cst336/homework/homework3/index.php on line 5
[11-Oct-2017 07:27:15 UTC] PHP Stack trace:
[11-Oct-2017 07:27:15 UTC] PHP   1. {main}() /home/ubuntu/workspace/cst336/homework/homework3/index.php:0
[11-Oct-2017 07:27:15 UTC] PHP   2. shuffle() /home/ubuntu/workspace/cst336/homework/homework3/index.php:5
[11-Oct-2017 07:27:17 UTC] PHP Warning:  shuffle() expects parameter 1 to be array, null given in /home/ubuntu/workspace/cst336/homework/homework3/index.php on line 5
[11-Oct-2017 07:27:17 UTC] PHP Stack trace:
[11-Oct-2017 07:27:17 UTC] PHP   1. {main}() /home/ubuntu/workspace/cst336/homework/homework3/index.php:0
[11-Oct-2017 07:27:17 UTC] PHP   2. shuffle() /home/ubuntu/workspace/cst336/homework/homework3/index.php:5
[11-Oct-2017 07:27:59 UTC] PHP Warning:  shuffle() expects parameter 1 to be array, null given in /home/ubuntu/workspace/cst336/homework/homework3/index.php on line 6
[11-Oct-2017 07:27:59 UTC] PHP Stack trace:
[11-Oct-2017 07:27:59 UTC] PHP   1. {main}() /home/ubuntu/workspace/cst336/homework/homework3/index.php:0
[11-Oct-2017 07:27:59 UTC] PHP   2. shuffle() /home/ubuntu/workspace/cst336/homework/homework3/index.php:6
[11-Oct-2017 07:28:00 UTC] PHP Warning:  shuffle() expects parameter 1 to be array, null given in /home/ubuntu/workspace/cst336/homework/homework3/index.php on line 6
[11-Oct-2017 07:28:00 UTC] PHP Stack trace:
[11-Oct-2017 07:28:00 UTC] PHP   1. {main}() /home/ubuntu/workspace/cst336/homework/homework3/index.php:0
[11-Oct-2017 07:28:00 UTC] PHP   2. shuffle() /home/ubuntu/workspace/cst336/homework/homework3/index.php:6
[11-Oct-2017 07:33:08 UTC] PHP Parse error:  syntax error, unexpected 'shuffle' (T_STRING) in /home/ubuntu/workspace/cst336/homework/homework3/index.php on line 5
[11-Oct-2017 08:46:00 UTC] PHP Parse error:  syntax error, unexpected '}' in /home/ubuntu/workspace/cst336/homework/homework3/index.php on line 106
[11-Oct-2017 09:03:43 UTC] PHP Parse error:  syntax error, unexpected 'id' (T_STRING), expecting ',' or ';' in /home/ubuntu/workspace/cst336/homework/homework3/index.php on line 102
[11-Oct-2017 09:03:53 UTC] PHP Parse error:  syntax error, unexpected 'id' (T_STRING), expecting ',' or ';' in /home/ubuntu/workspace/cst336/homework/homework3/index.php on line 102
[11-Oct-2017 09:03:54 UTC] PHP Parse error:  syntax error, unexpected 'id' (T_STRING), expecting ',' or ';' in /home/ubuntu/workspace/cst336/homework/homework3/index.php on line 102
[11-Oct-2017 09:03:55 UTC] PHP Parse error:  syntax error, unexpected 'id' (T_STRING), expecting ',' or ';' in /home/ubuntu/workspace/cst336/homework/homework3/index.php on line 102
