[06-Sep-2017 20:15:36 UTC] PHP Parse error:  syntax error, unexpected 'echo' (T_ECHO) in /home/ubuntu/workspace/cst336/labs/lab2/index.php on line 13
[08-Sep-2017 04:08:23 UTC] PHP Fatal error:  Call to undefined function displaySymbol() in /home/ubuntu/workspace/cst336/labs/lab2/index.php on line 13
[08-Sep-2017 04:08:24 UTC] PHP Stack trace:
[08-Sep-2017 04:08:24 UTC] PHP   1. {main}() /home/ubuntu/workspace/cst336/labs/lab2/index.php:0
[08-Sep-2017 04:09:37 UTC] PHP Parse error:  syntax error, unexpected end of file in /home/ubuntu/workspace/cst336/labs/lab2/index.php on line 50
[08-Sep-2017 04:16:17 UTC] PHP Parse error:  syntax error, unexpected end of file in /home/ubuntu/workspace/cst336/labs/lab2/index.php on line 48
[08-Sep-2017 04:48:13 UTC] PHP Fatal error:  Allowed memory size of 134217728 bytes exhausted (tried to allocate 91 bytes) in /home/ubuntu/workspace/cst336/labs/lab2/index.php on line 11
[08-Sep-2017 04:48:13 UTC] PHP Stack trace:
[08-Sep-2017 04:48:13 UTC] PHP   1. {main}() /home/ubuntu/workspace/cst336/labs/lab2/index.php:0
[08-Sep-2017 04:49:43 UTC] PHP Fatal error:  Allowed memory size of 134217728 bytes exhausted (tried to allocate 91 bytes) in /home/ubuntu/workspace/cst336/labs/lab2/index.php on line 11
[08-Sep-2017 04:49:43 UTC] PHP Stack trace:
[08-Sep-2017 04:49:43 UTC] PHP   1. {main}() /home/ubuntu/workspace/cst336/labs/lab2/index.php:0
[08-Sep-2017 04:50:25 UTC] PHP Fatal error:  Allowed memory size of 134217728 bytes exhausted (tried to allocate 90 bytes) in /home/ubuntu/workspace/cst336/labs/lab2/index.php on line 11
[08-Sep-2017 04:50:25 UTC] PHP Stack trace:
[08-Sep-2017 04:50:25 UTC] PHP   1. {main}() /home/ubuntu/workspace/cst336/labs/lab2/index.php:0
[08-Sep-2017 20:02:43 UTC] PHP Warning:  rand() expects exactly 2 parameters, 1 given in /home/ubuntu/workspace/cst336/labs/lab2/index.php on line 11
[08-Sep-2017 20:02:43 UTC] PHP Stack trace:
[08-Sep-2017 20:02:43 UTC] PHP   1. {main}() /home/ubuntu/workspace/cst336/labs/lab2/index.php:0
[08-Sep-2017 20:02:43 UTC] PHP   2. rand() /home/ubuntu/workspace/cst336/labs/lab2/index.php:11
[08-Sep-2017 20:02:43 UTC] PHP Warning:  rand() expects exactly 2 parameters, 1 given in /home/ubuntu/workspace/cst336/labs/lab2/index.php on line 11
[08-Sep-2017 20:02:43 UTC] PHP Stack trace:
[08-Sep-2017 20:02:43 UTC] PHP   1. {main}() /home/ubuntu/workspace/cst336/labs/lab2/index.php:0
[08-Sep-2017 20:02:43 UTC] PHP   2. rand() /home/ubuntu/workspace/cst336/labs/lab2/index.php:11
[08-Sep-2017 20:02:43 UTC] PHP Warning:  rand() expects exactly 2 parameters, 1 given in /home/ubuntu/workspace/cst336/labs/lab2/index.php on line 11
[08-Sep-2017 20:02:43 UTC] PHP Stack trace:
[08-Sep-2017 20:02:43 UTC] PHP   1. {main}() /home/ubuntu/workspace/cst336/labs/lab2/index.php:0
[08-Sep-2017 20:02:43 UTC] PHP   2. rand() /home/ubuntu/workspace/cst336/labs/lab2/index.php:11
[08-Sep-2017 20:05:41 UTC] PHP Fatal error:  Cannot redeclare displaySymbol() (previously declared in /home/ubuntu/workspace/cst336/labs/lab2/index.php:21) in /home/ubuntu/workspace/cst336/labs/lab2/inc/functions.php on line 2
[08-Sep-2017 20:05:41 UTC] PHP Stack trace:
[08-Sep-2017 20:05:41 UTC] PHP   1. {main}() /home/ubuntu/workspace/cst336/labs/lab2/index.php:0
[08-Sep-2017 20:05:42 UTC] PHP Fatal error:  Cannot redeclare displaySymbol() (previously declared in /home/ubuntu/workspace/cst336/labs/lab2/index.php:21) in /home/ubuntu/workspace/cst336/labs/lab2/inc/functions.php on line 2
[08-Sep-2017 20:05:42 UTC] PHP Stack trace:
[08-Sep-2017 20:05:42 UTC] PHP   1. {main}() /home/ubuntu/workspace/cst336/labs/lab2/index.php:0
[08-Sep-2017 20:07:53 UTC] PHP Fatal error:  Cannot redeclare displaySymbol() (previously declared in /home/ubuntu/workspace/cst336/labs/lab2/index.php:21) in /home/ubuntu/workspace/cst336/labs/lab2/inc/functions.php on line 2
[08-Sep-2017 20:07:53 UTC] PHP Stack trace:
[08-Sep-2017 20:07:53 UTC] PHP   1. {main}() /home/ubuntu/workspace/cst336/labs/lab2/index.php:0
[27-Sep-2017 20:50:20 UTC] PHP Parse error:  syntax error, unexpected '$_GET' (T_VARIABLE), expecting '(' in /home/ubuntu/workspace/cst336/labs/lab4/index.php on line 7
[27-Sep-2017 20:50:42 UTC] PHP Parse error:  syntax error, unexpected '$_GET' (T_VARIABLE), expecting '(' in /home/ubuntu/workspace/cst336/labs/lab4/index.php on line 7
[27-Sep-2017 20:54:20 UTC] PHP Fatal error:  Maximum execution time of 300 seconds exceeded in /home/ubuntu/workspace/cst336/labs/lab4/index.php on line 73
[27-Sep-2017 20:54:20 UTC] PHP Stack trace:
[27-Sep-2017 20:54:20 UTC] PHP   1. {main}() /home/ubuntu/workspace/cst336/labs/lab4/index.php:0
[27-Sep-2017 20:57:03 UTC] PHP Fatal error:  Maximum execution time of 300 seconds exceeded in /home/ubuntu/workspace/cst336/labs/lab4/index.php on line 75
[27-Sep-2017 20:57:03 UTC] PHP Stack trace:
[27-Sep-2017 20:57:03 UTC] PHP   1. {main}() /home/ubuntu/workspace/cst336/labs/lab4/index.php:0
[29-Sep-2017 19:22:34 UTC] PHP Fatal error:  Maximum execution time of 300 seconds exceeded in /home/ubuntu/workspace/cst336/labs/lab4/index.php on line 75
[29-Sep-2017 19:22:34 UTC] PHP Stack trace:
[29-Sep-2017 19:22:34 UTC] PHP   1. {main}() /home/ubuntu/workspace/cst336/labs/lab4/index.php:0
[29-Sep-2017 19:55:56 UTC] PHP Fatal error:  Call to undefined function checkIfSelected() in /home/ubuntu/workspace/cst336/labs/lab4/index.php on line 57
[29-Sep-2017 19:55:56 UTC] PHP Stack trace:
[29-Sep-2017 19:55:56 UTC] PHP   1. {main}() /home/ubuntu/workspace/cst336/labs/lab4/index.php:0
[29-Sep-2017 19:56:05 UTC] PHP Fatal error:  Call to undefined function checkIfSelected() in /home/ubuntu/workspace/cst336/labs/lab4/index.php on line 57
[29-Sep-2017 19:56:05 UTC] PHP Stack trace:
[29-Sep-2017 19:56:05 UTC] PHP   1. {main}() /home/ubuntu/workspace/cst336/labs/lab4/index.php:0
[29-Sep-2017 19:56:25 UTC] PHP Fatal error:  Call to undefined function checkIfSelected() in /home/ubuntu/workspace/cst336/labs/lab4/index.php on line 57
[29-Sep-2017 19:56:25 UTC] PHP Stack trace:
[29-Sep-2017 19:56:25 UTC] PHP   1. {main}() /home/ubuntu/workspace/cst336/labs/lab4/index.php:0
[29-Sep-2017 19:56:34 UTC] PHP Fatal error:  Call to undefined function checkIfSelected() in /home/ubuntu/workspace/cst336/labs/lab4/index.php on line 57
[29-Sep-2017 19:56:34 UTC] PHP Stack trace:
[29-Sep-2017 19:56:34 UTC] PHP   1. {main}() /home/ubuntu/workspace/cst336/labs/lab4/index.php:0
[29-Sep-2017 19:57:38 UTC] PHP Fatal error:  Call to undefined function checkIfSelected() in /home/ubuntu/workspace/cst336/labs/lab4/index.php on line 57
[29-Sep-2017 19:57:38 UTC] PHP Stack trace:
[29-Sep-2017 19:57:38 UTC] PHP   1. {main}() /home/ubuntu/workspace/cst336/labs/lab4/index.php:0
[29-Sep-2017 19:59:35 UTC] PHP Fatal error:  Call to undefined function checkIfSelected() in /home/ubuntu/workspace/cst336/labs/lab4/index.php on line 53
[29-Sep-2017 19:59:35 UTC] PHP Stack trace:
[29-Sep-2017 19:59:35 UTC] PHP   1. {main}() /home/ubuntu/workspace/cst336/labs/lab4/index.php:0
[29-Sep-2017 20:00:09 UTC] PHP Fatal error:  Call to undefined function checkIfSelected() in /home/ubuntu/workspace/cst336/labs/lab4/index.php on line 53
[29-Sep-2017 20:00:09 UTC] PHP Stack trace:
[29-Sep-2017 20:00:09 UTC] PHP   1. {main}() /home/ubuntu/workspace/cst336/labs/lab4/index.php:0
[29-Sep-2017 20:00:11 UTC] PHP Fatal error:  Call to undefined function checkIfSelected() in /home/ubuntu/workspace/cst336/labs/lab4/index.php on line 53
[29-Sep-2017 20:00:11 UTC] PHP Stack trace:
[29-Sep-2017 20:00:11 UTC] PHP   1. {main}() /home/ubuntu/workspace/cst336/labs/lab4/index.php:0
[29-Sep-2017 20:00:12 UTC] PHP Fatal error:  Call to undefined function checkIfSelected() in /home/ubuntu/workspace/cst336/labs/lab4/index.php on line 53
[29-Sep-2017 20:00:13 UTC] PHP Stack trace:
[29-Sep-2017 20:00:13 UTC] PHP   1. {main}() /home/ubuntu/workspace/cst336/labs/lab4/index.php:0
[29-Sep-2017 20:00:14 UTC] PHP Fatal error:  Call to undefined function checkIfSelected() in /home/ubuntu/workspace/cst336/labs/lab4/index.php on line 53
[29-Sep-2017 20:00:14 UTC] PHP Stack trace:
[29-Sep-2017 20:00:14 UTC] PHP   1. {main}() /home/ubuntu/workspace/cst336/labs/lab4/index.php:0
[29-Sep-2017 20:00:42 UTC] PHP Fatal error:  Call to undefined function checkIfSelected() in /home/ubuntu/workspace/cst336/labs/lab4/index.php on line 53
[29-Sep-2017 20:00:42 UTC] PHP Stack trace:
[29-Sep-2017 20:00:42 UTC] PHP   1. {main}() /home/ubuntu/workspace/cst336/labs/lab4/index.php:0
[29-Sep-2017 20:01:00 UTC] PHP Fatal error:  Call to undefined function checkIfSelected() in /home/ubuntu/workspace/cst336/labs/lab4/index.php on line 57
[29-Sep-2017 20:01:00 UTC] PHP Stack trace:
[29-Sep-2017 20:01:00 UTC] PHP   1. {main}() /home/ubuntu/workspace/cst336/labs/lab4/index.php:0
[29-Sep-2017 20:01:01 UTC] PHP Fatal error:  Call to undefined function checkIfSelected() in /home/ubuntu/workspace/cst336/labs/lab4/index.php on line 57
[29-Sep-2017 20:01:01 UTC] PHP Stack trace:
[29-Sep-2017 20:01:01 UTC] PHP   1. {main}() /home/ubuntu/workspace/cst336/labs/lab4/index.php:0
[29-Sep-2017 20:01:37 UTC] PHP Fatal error:  Call to undefined function checkIfSelected() in /home/ubuntu/workspace/cst336/labs/lab4/index.php on line 60
[29-Sep-2017 20:01:37 UTC] PHP Stack trace:
[29-Sep-2017 20:01:37 UTC] PHP   1. {main}() /home/ubuntu/workspace/cst336/labs/lab4/index.php:0
[29-Sep-2017 20:01:40 UTC] PHP Fatal error:  Call to undefined function checkIfSelected() in /home/ubuntu/workspace/cst336/labs/lab4/index.php on line 60
[29-Sep-2017 20:01:40 UTC] PHP Stack trace:
[29-Sep-2017 20:01:40 UTC] PHP   1. {main}() /home/ubuntu/workspace/cst336/labs/lab4/index.php:0
[29-Sep-2017 20:01:45 UTC] PHP Fatal error:  Call to undefined function checkIfSelected() in /home/ubuntu/workspace/cst336/labs/lab4/index.php on line 60
[29-Sep-2017 20:01:45 UTC] PHP Stack trace:
[29-Sep-2017 20:01:45 UTC] PHP   1. {main}() /home/ubuntu/workspace/cst336/labs/lab4/index.php:0
[29-Sep-2017 20:01:48 UTC] PHP Fatal error:  Call to undefined function checkIfSelected() in /home/ubuntu/workspace/cst336/labs/lab4/index.php on line 60
[29-Sep-2017 20:01:48 UTC] PHP Stack trace:
[29-Sep-2017 20:01:48 UTC] PHP   1. {main}() /home/ubuntu/workspace/cst336/labs/lab4/index.php:0
[29-Sep-2017 20:16:55 UTC] PHP Fatal error:  Maximum execution time of 300 seconds exceeded in /home/ubuntu/workspace/cst336/labs/lab4/index.php on line 75
[29-Sep-2017 20:16:55 UTC] PHP Stack trace:
[29-Sep-2017 20:16:55 UTC] PHP   1. {main}() /home/ubuntu/workspace/cst336/labs/lab4/index.php:0
[29-Sep-2017 20:16:55 UTC] PHP   2. count() /home/ubuntu/workspace/cst336/labs/lab4/index.php:75
[02-Oct-2017 04:35:28 UTC] PHP Fatal error:  Maximum execution time of 300 seconds exceeded in /home/ubuntu/workspace/cst336/labs/lab4/index.php on line 127
[02-Oct-2017 04:35:28 UTC] PHP Stack trace:
[02-Oct-2017 04:35:28 UTC] PHP   1. {main}() /home/ubuntu/workspace/cst336/labs/lab4/index.php:0
